<?xml version="1.0" encoding="UTF-8"?>
<testng-results ignored="0" total="1" passed="1" failed="0" skipped="0">
  <reporter-output>
  </reporter-output>
  <suite started-at="2021-06-20T21:35:39 BDT" name="Default suite" finished-at="2021-06-20T21:35:54 BDT" duration-ms="15312">
    <groups>
    </groups>
    <test started-at="2021-06-20T21:35:39 BDT" name="Default test" finished-at="2021-06-20T21:35:54 BDT" duration-ms="15312">
      <class name="demo.Demo">
        <test-method signature="testAssertFunction()[pri:0, instance:demo.Demo@1fb700ee]" started-at="2021-06-20T21:35:39 BDT" name="testAssertFunction" finished-at="2021-06-20T21:35:54 BDT" duration-ms="15246" status="PASS">
          <reporter-output>
          </reporter-output>
        </test-method> <!-- testAssertFunction -->
      </class> <!-- demo.Demo -->
    </test> <!-- Default test -->
  </suite> <!-- Default suite -->
</testng-results>
